<?xml version="1.0" encoding="UTF-8"?>
<!-- Generated by org.testng.reporters.JUnitXMLReporter -->
<testsuite hostname="DELL-PC" name="Test" tests="3" failures="1" timestamp="26 Sep 2016 19:08:28 GMT" time="44.125" errors="0">
  <testcase name="Invalid_login" time="3.591" classname="testScript.Scenrio_Login"/>
  <testcase name="Invalid_login" time="1.909" classname="testScript.Scenrio_Login"/>
  <testcase name="Valid_login" time="2.78" classname="testScript.Scenrio_Login">
    <failure type="java.lang.AssertionError" message="The following asserts failed:
	page not loaded expected [rediff] but found [rediff.com ! Books Online],
	failed as the expected was qtpworld2008  and actual is qtpworld2008 g expected [qtpworld2008] but found [qtpworld2008 g]">
      <![CDATA[java.lang.AssertionError: The following asserts failed:
	page not loaded expected [rediff] but found [rediff.com ! Books Online],
	failed as the expected was qtpworld2008  and actual is qtpworld2008 g expected [qtpworld2008] but found [qtpworld2008 g]
	at testScript.Scenrio_Login.Valid_login(Unknown Source)
... Removed 24 stack frames]]>
    </failure>
  </testcase> <!-- Valid_login -->
</testsuite> <!-- Test -->
